<?xml version="1.0" encoding="UTF-8"?>
<!-- Generated by org.testng.reporters.JUnitReportReporter -->
<testsuite hostname="IN-PF38HAQ6" failures="0" tests="1" name="script.TestClass1" time="6.045" errors="0" timestamp="2022-07-25T08:14:27 IST" skipped="0">
  <testcase classname="script.TestClass1" name="testA" time="6.045"/>
  <system-out/>
</testsuite> <!-- script.TestClass1 -->
